<?xml version="1.0" encoding="UTF-8"?>
<!-- Generated by org.testng.reporters.JUnitReportReporter -->
<testsuite skipped="0" hostname="LENOVO-PC" name="com.actitime.base.DriverScript" tests="1" failures="0" timestamp="13 Jul 2021 22:47:22 GMT" time="4.195" errors="0">
  <testcase name="initDriver" time="4.195" classname="com.actitime.base.DriverScript"/>
</testsuite> <!-- com.actitime.base.DriverScript -->
