<?xml version="1.0" encoding="UTF-8"?>
<!-- Generated by org.testng.reporters.JUnitReportReporter -->
<testsuite skipped="0" hostname="LENOVO-PC" name="com.actitime.testcase.CreateCustomerTest" tests="1" failures="0" timestamp="21 Jul 2021 19:27:22 GMT" time="18.516" errors="0">
  <testcase name="testCreateCustomer" time="18.516" classname="com.actitime.testcase.CreateCustomerTest"/>
</testsuite> <!-- com.actitime.testcase.CreateCustomerTest -->
